<?xml version="1.0" encoding="UTF-8"?>
<testsuite name="com.emse.spring.faircop.hello.GreetingServiceTests" tests="1" skipped="0" failures="0" errors="0" timestamp="2022-11-15T18:26:56" hostname="MacBook-Pro-de-Ana.local" time="0.002">
  <properties/>
  <testcase name="testGreeting(CapturedOutput)" classname="com.emse.spring.faircop.hello.GreetingServiceTests" time="0.002"/>
  <system-out><![CDATA[Hello, Spring!
]]></system-out>
  <system-err><![CDATA[]]></system-err>
</testsuite>
