<?xml version="1.0" encoding="UTF-8"?>
<testsuite name="com.emse.spring.faircop.api.SecurityControllerTest" tests="2" skipped="0" failures="0" errors="0" timestamp="2022-11-15T18:26:55" hostname="MacBook-Pro-de-Ana.local" time="0.03">
  <properties/>
  <testcase name="shouldSwitchWindow()" classname="com.emse.spring.faircop.api.SecurityControllerTest" time="0.022"/>
  <testcase name="shouldLoadAWindowAndReturnNullIfNotFound()" classname="com.emse.spring.faircop.api.SecurityControllerTest" time="0.007"/>
  <system-out><![CDATA[2022-11-15 19:26:53.959  INFO 9020 --- [    Test worker] .b.t.c.SpringBootTestContextBootstrapper : Neither @ContextConfiguration nor @ContextHierarchy found for test class [com.emse.spring.faircop.api.SecurityControllerTest], using SpringBootContextLoader
2022-11-15 19:26:53.960  INFO 9020 --- [    Test worker] o.s.t.c.support.AbstractContextLoader    : Could not detect default resource locations for test class [com.emse.spring.faircop.api.SecurityControllerTest]: no resource found for suffixes {-context.xml, Context.groovy}.
2022-11-15 19:26:53.960  INFO 9020 --- [    Test worker] t.c.s.AnnotationConfigContextLoaderUtils : Could not detect default configuration classes for test class [com.emse.spring.faircop.api.SecurityControllerTest]: SecurityControllerTest does not declare any static, non-private, non-final, nested classes annotated with @Configuration.
2022-11-15 19:26:53.962  INFO 9020 --- [    Test worker] .b.t.c.SpringBootTestContextBootstrapper : Found @SpringBootConfiguration com.emse.spring.faircop.FaircopApplication for test class com.emse.spring.faircop.api.SecurityControllerTest
2022-11-15 19:26:53.963  INFO 9020 --- [    Test worker] .b.t.c.SpringBootTestContextBootstrapper : Loaded default TestExecutionListener class names from location [META-INF/spring.factories]: [org.springframework.security.test.context.support.WithSecurityContextTestExecutionListener, org.springframework.security.test.context.support.ReactorContextTestExecutionListener, org.springframework.boot.test.autoconfigure.restdocs.RestDocsTestExecutionListener, org.springframework.boot.test.autoconfigure.web.client.MockRestServiceServerResetTestExecutionListener, org.springframework.boot.test.autoconfigure.web.servlet.MockMvcPrintOnlyOnFailureTestExecutionListener, org.springframework.boot.test.autoconfigure.web.servlet.WebDriverTestExecutionListener, org.springframework.boot.test.autoconfigure.webservices.client.MockWebServiceServerTestExecutionListener, org.springframework.boot.test.mock.mockito.MockitoTestExecutionListener, org.springframework.boot.test.mock.mockito.ResetMocksTestExecutionListener, org.springframework.test.context.web.ServletTestExecutionListener, org.springframework.test.context.support.DirtiesContextBeforeModesTestExecutionListener, org.springframework.test.context.event.ApplicationEventsTestExecutionListener, org.springframework.test.context.support.DependencyInjectionTestExecutionListener, org.springframework.test.context.support.DirtiesContextTestExecutionListener, org.springframework.test.context.transaction.TransactionalTestExecutionListener, org.springframework.test.context.jdbc.SqlScriptsTestExecutionListener, org.springframework.test.context.event.EventPublishingTestExecutionListener]
2022-11-15 19:26:53.963  INFO 9020 --- [    Test worker] .b.t.c.SpringBootTestContextBootstrapper : Using TestExecutionListeners: [org.springframework.test.context.web.ServletTestExecutionListener@452c8a6c, org.springframework.test.context.support.DirtiesContextBeforeModesTestExecutionListener@2dc0cbbc, org.springframework.test.context.event.ApplicationEventsTestExecutionListener@16b6493d, org.springframework.boot.test.mock.mockito.MockitoTestExecutionListener@3bf7c70e, org.springframework.boot.test.autoconfigure.SpringBootDependencyInjectionTestExecutionListener@1aa945f6, org.springframework.test.context.support.DirtiesContextTestExecutionListener@319fe034, org.springframework.test.context.transaction.TransactionalTestExecutionListener@15c4b89b, org.springframework.test.context.jdbc.SqlScriptsTestExecutionListener@100ed29a, org.springframework.security.test.context.support.WithSecurityContextTestExecutionListener@4058b398, org.springframework.test.context.event.EventPublishingTestExecutionListener@e0865e7, org.springframework.security.test.context.support.ReactorContextTestExecutionListener@3eb814dd, org.springframework.boot.test.autoconfigure.restdocs.RestDocsTestExecutionListener@58c48b92, org.springframework.boot.test.autoconfigure.web.client.MockRestServiceServerResetTestExecutionListener@5d852761, org.springframework.boot.test.autoconfigure.web.servlet.MockMvcPrintOnlyOnFailureTestExecutionListener@106f566b, org.springframework.boot.test.autoconfigure.web.servlet.WebDriverTestExecutionListener@6e8fa647, org.springframework.boot.test.autoconfigure.webservices.client.MockWebServiceServerTestExecutionListener@12eb281f, org.springframework.boot.test.mock.mockito.ResetMocksTestExecutionListener@6621ab0c]

  .   ____          _            __ _ _
 /\\ / ___'_ __ _ _(_)_ __  __ _ \ \ \ \
( ( )\___ | '_ | '_| | '_ \/ _` | \ \ \ \
 \\/  ___)| |_)| | | | | || (_| |  ) ) ) )
  '  |____| .__|_| |_|_| |_\__, | / / / /
 =========|_|==============|___/=/_/_/_/
 :: Spring Boot ::                (v2.7.5)

2022-11-15 19:26:53.982  INFO 9020 --- [    Test worker] c.e.s.f.api.SecurityControllerTest       : Starting SecurityControllerTest using Java 17.0.4.1 on MacBook-Pro-de-Ana.local with PID 9020 (started by caca in /Users/caca/Desktop/FrancÌ§a/Web_Programming_BackEnd/faircop)
2022-11-15 19:26:53.983  INFO 9020 --- [    Test worker] c.e.s.f.api.SecurityControllerTest       : No active profile set, falling back to 1 default profile: "default"
2022-11-15 19:26:54.153  INFO 9020 --- [    Test worker] .s.d.r.c.RepositoryConfigurationDelegate : Bootstrapping Spring Data JPA repositories in DEFAULT mode.
2022-11-15 19:26:54.163  INFO 9020 --- [    Test worker] .s.d.r.c.RepositoryConfigurationDelegate : Finished Spring Data repository scanning in 9 ms. Found 4 JPA repository interfaces.
2022-11-15 19:26:54.353  INFO 9020 --- [    Test worker] o.s.b.w.embedded.tomcat.TomcatWebServer  : Tomcat initialized with port(s): 0 (http)
2022-11-15 19:26:54.363  INFO 9020 --- [    Test worker] o.apache.catalina.core.StandardService   : Starting service [Tomcat]
2022-11-15 19:26:54.363  INFO 9020 --- [    Test worker] org.apache.catalina.core.StandardEngine  : Starting Servlet engine: [Apache Tomcat/9.0.68]
2022-11-15 19:26:54.460  INFO 9020 --- [    Test worker] o.a.c.c.C.[Tomcat].[localhost].[/]       : Initializing Spring embedded WebApplicationContext
2022-11-15 19:26:54.460  INFO 9020 --- [    Test worker] w.s.c.ServletWebServerApplicationContext : Root WebApplicationContext: initialization completed in 476 ms
2022-11-15 19:26:54.475  INFO 9020 --- [    Test worker] com.zaxxer.hikari.HikariDataSource       : HikariPool-2 - Starting...
2022-11-15 19:26:54.476  INFO 9020 --- [    Test worker] com.zaxxer.hikari.HikariDataSource       : HikariPool-2 - Start completed.
2022-11-15 19:26:54.477  INFO 9020 --- [    Test worker] o.s.b.a.h2.H2ConsoleAutoConfiguration    : H2 console available at '/console'. Database available at 'jdbc:h2:mem:faircop'
2022-11-15 19:26:54.587  INFO 9020 --- [    Test worker] o.hibernate.jpa.internal.util.LogHelper  : HHH000204: Processing PersistenceUnitInfo [name: default]
2022-11-15 19:26:54.590  INFO 9020 --- [    Test worker] org.hibernate.dialect.Dialect            : HHH000400: Using dialect: org.hibernate.dialect.H2Dialect
Hibernate: drop table if exists building CASCADE 
Hibernate: drop table if exists heater CASCADE 
Hibernate: drop table if exists room CASCADE 
Hibernate: drop table if exists rwindow CASCADE 
Hibernate: drop sequence if exists hibernate_sequence
Hibernate: create sequence hibernate_sequence start with 1 increment by 1
Hibernate: create table building (id bigint not null, name varchar(255) not null, primary key (id))
Hibernate: create table heater (id bigint not null, heater_status varchar(255) not null, name varchar(255) not null, power bigint, room_id bigint not null, primary key (id))
Hibernate: create table room (id bigint not null, current_temperature double, floor integer not null, name varchar(255) not null, target_temperature double, building_id bigint, primary key (id))
Hibernate: create table rwindow (id bigint not null, name varchar(255) not null, window_status varchar(255) not null, room_id bigint not null, primary key (id))
Hibernate: alter table heater add constraint FKba10hbsubifukw0monybjx3a0 foreign key (room_id) references room
Hibernate: alter table room add constraint FK4kmfw73x2vpfymk0ml875rh2q foreign key (building_id) references building on delete cascade
Hibernate: alter table rwindow add constraint FK621arbu4dtuis4nf2o3xtapfn foreign key (room_id) references room
2022-11-15 19:26:54.636  INFO 9020 --- [    Test worker] o.h.e.t.j.p.i.JtaPlatformInitiator       : HHH000490: Using JtaPlatform implementation: [org.hibernate.engine.transaction.jta.platform.internal.NoJtaPlatform]
2022-11-15 19:26:54.636  INFO 9020 --- [    Test worker] j.LocalContainerEntityManagerFactoryBean : Initialized JPA EntityManagerFactory for persistence unit 'default'
2022-11-15 19:26:54.785  WARN 9020 --- [    Test worker] JpaBaseConfiguration$JpaWebConfiguration : spring.jpa.open-in-view is enabled by default. Therefore, database queries may be performed during view rendering. Explicitly configure spring.jpa.open-in-view to disable this warning
2022-11-15 19:26:55.082  INFO 9020 --- [    Test worker] o.s.s.web.DefaultSecurityFilterChain     : Will secure Ant [pattern='/api/**'] with [org.springframework.security.web.session.DisableEncodeUrlFilter@5e9257b3, org.springframework.security.web.context.request.async.WebAsyncManagerIntegrationFilter@315f5ffb, org.springframework.security.web.context.SecurityContextPersistenceFilter@77eab063, org.springframework.security.web.header.HeaderWriterFilter@c95213a, org.springframework.security.web.csrf.CsrfFilter@49a14b44, org.springframework.security.web.authentication.logout.LogoutFilter@20120154, org.springframework.security.web.authentication.UsernamePasswordAuthenticationFilter@396ea7ab, org.springframework.security.web.authentication.ui.DefaultLoginPageGeneratingFilter@3408c95b, org.springframework.security.web.authentication.ui.DefaultLogoutPageGeneratingFilter@7d40f584, org.springframework.security.web.authentication.www.BasicAuthenticationFilter@44496e0c, org.springframework.security.web.savedrequest.RequestCacheAwareFilter@347042e7, org.springframework.security.web.servletapi.SecurityContextHolderAwareRequestFilter@11c929a2, org.springframework.security.web.authentication.AnonymousAuthenticationFilter@72f6cd2e, org.springframework.security.web.session.SessionManagementFilter@345236c6, org.springframework.security.web.access.ExceptionTranslationFilter@7df7d5cc, org.springframework.security.web.access.intercept.FilterSecurityInterceptor@346b793b]
2022-11-15 19:26:55.084  INFO 9020 --- [    Test worker] o.s.s.web.DefaultSecurityFilterChain     : Will secure any request with [org.springframework.security.web.session.DisableEncodeUrlFilter@1a26f595, org.springframework.security.web.context.request.async.WebAsyncManagerIntegrationFilter@2e7bcd52, org.springframework.security.web.context.SecurityContextPersistenceFilter@123a0b95, org.springframework.security.web.header.HeaderWriterFilter@7356f0e0, org.springframework.security.web.csrf.CsrfFilter@38eaac79, org.springframework.security.web.authentication.logout.LogoutFilter@4e8c139a, org.springframework.security.web.authentication.UsernamePasswordAuthenticationFilter@77d695f2, org.springframework.security.web.authentication.ui.DefaultLoginPageGeneratingFilter@2f705dff, org.springframework.security.web.authentication.ui.DefaultLogoutPageGeneratingFilter@6d41b46a, org.springframework.security.web.authentication.www.BasicAuthenticationFilter@76639714, org.springframework.security.web.savedrequest.RequestCacheAwareFilter@63f8006f, org.springframework.security.web.servletapi.SecurityContextHolderAwareRequestFilter@276d3d00, org.springframework.security.web.authentication.AnonymousAuthenticationFilter@7f055e1, org.springframework.security.web.session.SessionManagementFilter@7fdef973, org.springframework.security.web.access.ExceptionTranslationFilter@69231217, org.springframework.security.web.access.intercept.FilterSecurityInterceptor@4abfdad1]
2022-11-15 19:26:55.086  INFO 9020 --- [    Test worker] o.s.s.web.DefaultSecurityFilterChain     : Will secure Ant [pattern='/api/users/**'] with [org.springframework.security.web.session.DisableEncodeUrlFilter@753aacf, org.springframework.security.web.context.request.async.WebAsyncManagerIntegrationFilter@19b656b0, org.springframework.security.web.context.SecurityContextPersistenceFilter@42000b02, org.springframework.security.web.header.HeaderWriterFilter@5f25b34d, org.springframework.security.web.csrf.CsrfFilter@38aa5ffe, org.springframework.security.web.authentication.logout.LogoutFilter@540accf4, org.springframework.security.web.authentication.UsernamePasswordAuthenticationFilter@3b22cae9, org.springframework.security.web.authentication.ui.DefaultLoginPageGeneratingFilter@4bf14a9c, org.springframework.security.web.authentication.ui.DefaultLogoutPageGeneratingFilter@346ea2ed, org.springframework.security.web.authentication.www.BasicAuthenticationFilter@632f505b, org.springframework.security.web.savedrequest.RequestCacheAwareFilter@6e767943, org.springframework.security.web.servletapi.SecurityContextHolderAwareRequestFilter@1cbb101b, org.springframework.security.web.authentication.AnonymousAuthenticationFilter@2dda91b3, org.springframework.security.web.session.SessionManagementFilter@283fe454, org.springframework.security.web.access.ExceptionTranslationFilter@551f38b1, org.springframework.security.web.access.intercept.FilterSecurityInterceptor@2438702]
2022-11-15 19:26:55.152  INFO 9020 --- [    Test worker] o.s.b.a.w.s.WelcomePageHandlerMapping    : Adding welcome page: class path resource [static/index.html]
2022-11-15 19:26:55.267  INFO 9020 --- [    Test worker] o.a.c.c.C.[Tomcat].[localhost].[/]       : Initializing Spring TestDispatcherServlet ''
2022-11-15 19:26:55.267  INFO 9020 --- [    Test worker] o.s.t.web.servlet.TestDispatcherServlet  : Initializing Servlet ''
2022-11-15 19:26:55.268  INFO 9020 --- [    Test worker] o.s.t.web.servlet.TestDispatcherServlet  : Completed initialization in 1 ms
2022-11-15 19:26:55.315  INFO 9020 --- [    Test worker] o.s.b.w.embedded.tomcat.TomcatWebServer  : Tomcat started on port(s): 60572 (http) with context path ''
2022-11-15 19:26:55.401  INFO 9020 --- [    Test worker] c.e.s.f.api.SecurityControllerTest       : Started SecurityControllerTest in 1.436 seconds (JVM running for 8.965)
Hello, Spring!
]]></system-out>
  <system-err><![CDATA[]]></system-err>
</testsuite>
